============================================================
Time  2016/04/22 10:00:51 611 
============================================================
[2016/04/22 10:00:51 625] auth       479  SYS_MSG_LOAD  
[2016/04/22 10:00:51 625] auth       459  AUTH_MSG_LOCAL_CHECK  
[2016/04/22 10:00:51 627] auth       473  read auth file failed! err=  11200  
============================================================
Time  2016/04/22 10:02:22 160 
============================================================
[2016/04/22 10:02:22 161] auth       479  SYS_MSG_LOAD  
[2016/04/22 10:02:22 161] auth       459  AUTH_MSG_LOCAL_CHECK  
[2016/04/22 10:02:22 177] auth       473  read auth file failed! err=  11200  
============================================================
Time  2016/04/22 10:02:42 039 
============================================================
[2016/04/22 10:02:42 039] auth       479  SYS_MSG_LOAD  
[2016/04/22 10:02:42 039] auth       459  AUTH_MSG_LOCAL_CHECK  
[2016/04/22 10:02:42 039] auth       473  read auth file failed! err=  11200  
============================================================
Time  2016/04/22 10:02:56 151 
============================================================
[2016/04/22 10:02:56 151] auth       479  SYS_MSG_LOAD  
[2016/04/22 10:02:56 153] auth       459  AUTH_MSG_LOCAL_CHECK  
[2016/04/22 10:02:56 153] auth       473  read auth file failed! err=  11200  
============================================================
Time  2016/04/22 10:04:08 967 
============================================================
[2016/04/22 10:04:08 967] auth       479  SYS_MSG_LOAD  
[2016/04/22 10:04:08 967] auth       459  AUTH_MSG_LOCAL_CHECK  
[2016/04/22 10:04:08 967] auth       473  read auth file failed! err=  11200  
============================================================
Time  2016/04/22 10:04:52 417 
============================================================
[2016/04/22 10:04:52 417] auth       479  SYS_MSG_LOAD  
[2016/04/22 10:04:52 417] auth       459  AUTH_MSG_LOCAL_CHECK  
[2016/04/22 10:04:52 417] auth       473  read auth file failed! err=  11200  
============================================================
Time  2016/04/22 10:04:58 976 
============================================================
[2016/04/22 10:04:58 976] auth       479  SYS_MSG_LOAD  
[2016/04/22 10:04:58 976] auth       459  AUTH_MSG_LOCAL_CHECK  
[2016/04/22 10:04:58 976] auth       473  read auth file failed! err=  11200  
============================================================
Time  2016/04/22 10:05:26 088 
============================================================
[2016/04/22 10:05:26 089] auth       479  SYS_MSG_LOAD  
[2016/04/22 10:05:26 089] auth       459  AUTH_MSG_LOCAL_CHECK  
[2016/04/22 10:05:26 089] auth       473  read auth file failed! err=  11200  
============================================================
Time  2016/04/22 10:05:55 687 
============================================================
[2016/04/22 10:05:55 687] auth       479  SYS_MSG_LOAD  
[2016/04/22 10:05:55 688] auth       459  AUTH_MSG_LOCAL_CHECK  
[2016/04/22 10:05:55 688] auth       473  read auth file failed! err=  11200  
============================================================
Time  2016/04/22 10:08:24 115 
============================================================
[2016/04/22 10:08:24 115] auth       479  SYS_MSG_LOAD  
[2016/04/22 10:08:24 115] auth       459  AUTH_MSG_LOCAL_CHECK  
[2016/04/22 10:08:24 115] auth       473  read auth file failed! err=  11200  
============================================================
Time  2016/04/22 10:44:54 650 
============================================================
[2016/04/22 10:44:54 650] auth       479  SYS_MSG_LOAD  
[2016/04/22 10:44:54 650] auth       459  AUTH_MSG_LOCAL_CHECK  
[2016/04/22 10:44:54 651] auth       473  read auth file failed! err=  11200  
============================================================
Time  2016/04/22 10:45:32 313 
============================================================
[2016/04/22 10:45:32 313] auth       479  SYS_MSG_LOAD  
[2016/04/22 10:45:32 313] auth       459  AUTH_MSG_LOCAL_CHECK  
[2016/04/22 10:45:32 313] auth       473  read auth file failed! err=  11200  
============================================================
Time  2016/04/22 10:47:35 676 
============================================================
[2016/04/22 10:47:35 677] auth       479  SYS_MSG_LOAD  
[2016/04/22 10:47:35 677] auth       459  AUTH_MSG_LOCAL_CHECK  
[2016/04/22 10:47:35 677] auth       473  read auth file failed! err=  11200  
============================================================
Time  2016/04/22 10:48:27 632 
============================================================
[2016/04/22 10:48:27 632] auth       479  SYS_MSG_LOAD  
[2016/04/22 10:48:27 632] auth       459  AUTH_MSG_LOCAL_CHECK  
[2016/04/22 10:48:27 632] auth       473  read auth file failed! err=  11200  
============================================================
Time  2016/04/22 10:48:53 496 
============================================================
[2016/04/22 10:48:53 496] auth       479  SYS_MSG_LOAD  
[2016/04/22 10:48:53 496] auth       459  AUTH_MSG_LOCAL_CHECK  
[2016/04/22 10:48:53 497] auth       473  read auth file failed! err=  11200  
============================================================
Time  2016/04/22 10:49:15 924 
============================================================
[2016/04/22 10:49:15 924] auth       479  SYS_MSG_LOAD  
[2016/04/22 10:49:15 924] auth       459  AUTH_MSG_LOCAL_CHECK  
[2016/04/22 10:49:15 924] auth       473  read auth file failed! err=  11200  
============================================================
Time  2016/04/28 21:00:36 664 
============================================================
[2016/04/28 21:00:36 664] auth       479  SYS_MSG_LOAD  
[2016/04/28 21:00:36 664] auth       459  AUTH_MSG_LOCAL_CHECK  
[2016/04/28 21:00:36 664] auth       473  read auth file failed! err=  11200  
============================================================
Time  2016/04/28 21:00:41 779 
============================================================
[2016/04/28 21:00:41 779] auth       479  SYS_MSG_LOAD  
[2016/04/28 21:00:41 780] auth       459  AUTH_MSG_LOCAL_CHECK  
[2016/04/28 21:00:41 780] auth       473  read auth file failed! err=  11200  
============================================================
Time  2016/04/28 21:00:44 049 
============================================================
[2016/04/28 21:00:44 049] auth       479  SYS_MSG_LOAD  
[2016/04/28 21:00:44 049] auth       459  AUTH_MSG_LOCAL_CHECK  
[2016/04/28 21:00:44 049] auth       473  read auth file failed! err=  11200  
============================================================
Time  2016/04/28 21:00:50 887 
============================================================
[2016/04/28 21:00:50 887] auth       479  SYS_MSG_LOAD  
[2016/04/28 21:00:50 887] auth       459  AUTH_MSG_LOCAL_CHECK  
[2016/04/28 21:00:50 887] auth       473  read auth file failed! err=  11200  
============================================================
Time  2016/04/28 21:01:59 839 
============================================================
[2016/04/28 21:01:59 841] auth       479  SYS_MSG_LOAD  
[2016/04/28 21:01:59 841] auth       459  AUTH_MSG_LOCAL_CHECK  
[2016/04/28 21:01:59 841] auth       473  read auth file failed! err=  11200  
============================================================
Time  2016/04/29 08:45:01 028 
============================================================
[2016/04/29 08:45:01 028] auth       479  SYS_MSG_LOAD  
[2016/04/29 08:45:01 028] auth       459  AUTH_MSG_LOCAL_CHECK  
[2016/04/29 08:45:01 029] auth       473  read auth file failed! err=  11200  
============================================================
Time  2016/04/29 08:45:10 667 
============================================================
[2016/04/29 08:45:10 668] auth       479  SYS_MSG_LOAD  
[2016/04/29 08:45:10 668] auth       459  AUTH_MSG_LOCAL_CHECK  
[2016/04/29 08:45:10 668] auth       473  read auth file failed! err=  11200  
============================================================
Time  2016/04/29 08:58:01 851 
============================================================
[2016/04/29 08:58:01 851] auth       479  SYS_MSG_LOAD  
[2016/04/29 08:58:01 851] auth       459  AUTH_MSG_LOCAL_CHECK  
[2016/04/29 08:58:01 851] auth       473  read auth file failed! err=  11200  
============================================================
Time  2016/04/29 09:01:01 941 
============================================================
[2016/04/29 09:01:01 941] auth       479  SYS_MSG_LOAD  
[2016/04/29 09:01:01 943] auth       459  AUTH_MSG_LOCAL_CHECK  
[2016/04/29 09:01:01 943] auth       473  read auth file failed! err=  11200  
============================================================
Time  2016/04/29 09:08:35 056 
============================================================
[2016/04/29 09:08:35 056] auth       479  SYS_MSG_LOAD  
[2016/04/29 09:08:35 056] auth       459  AUTH_MSG_LOCAL_CHECK  
[2016/04/29 09:08:35 058] auth       473  read auth file failed! err=  11200  
============================================================
Time  2016/04/29 09:10:49 686 
============================================================
[2016/04/29 09:10:49 686] auth       479  SYS_MSG_LOAD  
[2016/04/29 09:10:49 686] auth       459  AUTH_MSG_LOCAL_CHECK  
[2016/04/29 09:10:49 686] auth       473  read auth file failed! err=  11200  
============================================================
Time  2016/04/29 09:11:32 091 
============================================================
[2016/04/29 09:11:32 091] auth       479  SYS_MSG_LOAD  
[2016/04/29 09:11:32 092] auth       459  AUTH_MSG_LOCAL_CHECK  
[2016/04/29 09:11:32 092] auth       473  read auth file failed! err=  11200  
============================================================
Time  2016/04/29 09:17:45 163 
============================================================
[2016/04/29 09:17:45 163] auth       479  SYS_MSG_LOAD  
[2016/04/29 09:17:45 164] auth       459  AUTH_MSG_LOCAL_CHECK  
[2016/04/29 09:17:45 164] auth       473  read auth file failed! err=  11200  
============================================================
Time  2016/04/29 09:18:00 959 
============================================================
[2016/04/29 09:18:00 959] auth       479  SYS_MSG_LOAD  
[2016/04/29 09:18:00 959] auth       459  AUTH_MSG_LOCAL_CHECK  
[2016/04/29 09:18:00 959] auth       473  read auth file failed! err=  11200  
============================================================
Time  2016/04/29 09:21:17 621 
============================================================
[2016/04/29 09:21:17 621] auth       479  SYS_MSG_LOAD  
[2016/04/29 09:21:17 621] auth       459  AUTH_MSG_LOCAL_CHECK  
[2016/04/29 09:21:17 621] auth       473  read auth file failed! err=  11200  
============================================================
Time  2016/04/29 09:25:49 423 
============================================================
[2016/04/29 09:25:49 424] auth       479  SYS_MSG_LOAD  
[2016/04/29 09:25:49 424] auth       459  AUTH_MSG_LOCAL_CHECK  
[2016/04/29 09:25:49 424] auth       473  read auth file failed! err=  11200  
============================================================
Time  2016/04/29 09:27:48 009 
============================================================
[2016/04/29 09:27:48 009] auth       479  SYS_MSG_LOAD  
[2016/04/29 09:27:48 009] auth       459  AUTH_MSG_LOCAL_CHECK  
[2016/04/29 09:27:48 009] auth       473  read auth file failed! err=  11200  
============================================================
Time  2016/04/29 09:29:05 259 
============================================================
[2016/04/29 09:29:05 259] auth       479  SYS_MSG_LOAD  
[2016/04/29 09:29:05 259] auth       459  AUTH_MSG_LOCAL_CHECK  
[2016/04/29 09:29:05 259] auth       473  read auth file failed! err=  11200  
============================================================
Time  2016/04/29 09:36:00 443 
============================================================
[2016/04/29 09:36:00 443] auth       479  SYS_MSG_LOAD  
[2016/04/29 09:36:00 443] auth       459  AUTH_MSG_LOCAL_CHECK  
[2016/04/29 09:36:00 443] auth       473  read auth file failed! err=  11200  
============================================================
Time  2016/04/29 09:56:58 993 
============================================================
[2016/04/29 09:56:58 994] auth       479  SYS_MSG_LOAD  
[2016/04/29 09:56:58 994] auth       459  AUTH_MSG_LOCAL_CHECK  
[2016/04/29 09:56:58 994] auth       473  read auth file failed! err=  11200  
============================================================
Time  2016/04/29 09:59:10 017 
============================================================
[2016/04/29 09:59:10 017] auth       479  SYS_MSG_LOAD  
[2016/04/29 09:59:10 019] auth       459  AUTH_MSG_LOCAL_CHECK  
[2016/04/29 09:59:10 019] auth       473  read auth file failed! err=  11200  
============================================================
Time  2016/04/29 10:44:44 273 
============================================================
[2016/04/29 10:44:44 273] auth       479  SYS_MSG_LOAD  
[2016/04/29 10:44:44 273] auth       459  AUTH_MSG_LOCAL_CHECK  
[2016/04/29 10:44:44 273] auth       473  read auth file failed! err=  11200  
============================================================
Time  2016/04/29 10:44:55 979 
============================================================
[2016/04/29 10:44:55 979] auth       479  SYS_MSG_LOAD  
[2016/04/29 10:44:55 979] auth       459  AUTH_MSG_LOCAL_CHECK  
[2016/04/29 10:44:55 979] auth       473  read auth file failed! err=  11200  
============================================================
Time  2016/04/29 10:46:04 173 
============================================================
[2016/04/29 10:46:04 173] auth       479  SYS_MSG_LOAD  
[2016/04/29 10:46:04 174] auth       459  AUTH_MSG_LOCAL_CHECK  
[2016/04/29 10:46:04 174] auth       473  read auth file failed! err=  11200  
============================================================
Time  2016/04/29 10:46:15 368 
============================================================
[2016/04/29 10:46:15 368] auth       479  SYS_MSG_LOAD  
[2016/04/29 10:46:15 368] auth       459  AUTH_MSG_LOCAL_CHECK  
[2016/04/29 10:46:15 368] auth       473  read auth file failed! err=  11200  
============================================================
Time  2016/04/29 10:47:32 591 
============================================================
[2016/04/29 10:47:32 592] auth       479  SYS_MSG_LOAD  
[2016/04/29 10:47:32 592] auth       459  AUTH_MSG_LOCAL_CHECK  
[2016/04/29 10:47:32 592] auth       473  read auth file failed! err=  11200  
============================================================
Time  2016/04/29 10:49:43 436 
============================================================
[2016/04/29 10:49:43 436] auth       479  SYS_MSG_LOAD  
[2016/04/29 10:49:43 436] auth       459  AUTH_MSG_LOCAL_CHECK  
[2016/04/29 10:49:43 436] auth       473  read auth file failed! err=  11200  
============================================================
Time  2016/04/29 10:56:46 236 
============================================================
[2016/04/29 10:56:46 237] auth       479  SYS_MSG_LOAD  
[2016/04/29 10:56:46 237] auth       459  AUTH_MSG_LOCAL_CHECK  
[2016/04/29 10:56:46 237] auth       473  read auth file failed! err=  11200  
============================================================
Time  2016/04/29 10:58:11 803 
============================================================
[2016/04/29 10:58:11 803] auth       479  SYS_MSG_LOAD  
[2016/04/29 10:58:11 805] auth       459  AUTH_MSG_LOCAL_CHECK  
[2016/04/29 10:58:11 805] auth       473  read auth file failed! err=  11200  
============================================================
Time  2016/04/29 10:58:23 026 
============================================================
[2016/04/29 10:58:23 026] auth       479  SYS_MSG_LOAD  
[2016/04/29 10:58:23 028] auth       459  AUTH_MSG_LOCAL_CHECK  
[2016/04/29 10:58:23 028] auth       473  read auth file failed! err=  11200  
============================================================
Time  2016/04/29 10:58:52 119 
============================================================
[2016/04/29 10:58:52 119] auth       479  SYS_MSG_LOAD  
[2016/04/29 10:58:52 119] auth       459  AUTH_MSG_LOCAL_CHECK  
[2016/04/29 10:58:52 121] auth       473  read auth file failed! err=  11200  
============================================================
Time  2016/04/29 10:59:38 305 
============================================================
[2016/04/29 10:59:38 305] auth       479  SYS_MSG_LOAD  
[2016/04/29 10:59:38 305] auth       459  AUTH_MSG_LOCAL_CHECK  
[2016/04/29 10:59:38 305] auth       473  read auth file failed! err=  11200  
============================================================
Time  2016/04/29 11:01:03 637 
============================================================
[2016/04/29 11:01:03 637] auth       479  SYS_MSG_LOAD  
[2016/04/29 11:01:03 637] auth       459  AUTH_MSG_LOCAL_CHECK  
[2016/04/29 11:01:03 637] auth       473  read auth file failed! err=  11200  
============================================================
Time  2016/04/29 11:03:46 234 
============================================================
[2016/04/29 11:03:46 234] auth       479  SYS_MSG_LOAD  
[2016/04/29 11:03:46 234] auth       459  AUTH_MSG_LOCAL_CHECK  
[2016/04/29 11:03:46 236] auth       473  read auth file failed! err=  11200  
============================================================
Time  2016/04/29 11:05:02 956 
============================================================
[2016/04/29 11:05:02 957] auth       479  SYS_MSG_LOAD  
[2016/04/29 11:05:02 957] auth       459  AUTH_MSG_LOCAL_CHECK  
[2016/04/29 11:05:02 957] auth       473  read auth file failed! err=  11200  
============================================================
Time  2016/04/29 13:46:22 897 
============================================================
[2016/04/29 13:46:22 897] auth       479  SYS_MSG_LOAD  
[2016/04/29 13:46:22 897] auth       459  AUTH_MSG_LOCAL_CHECK  
[2016/04/29 13:46:22 897] auth       473  read auth file failed! err=  11200  
============================================================
Time  2016/05/20 16:14:45 313 
============================================================
[2016/05/20 16:14:45 313] auth       479  SYS_MSG_LOAD  
[2016/05/20 16:14:45 313] auth       459  AUTH_MSG_LOCAL_CHECK  
[2016/05/20 16:14:45 313] auth       473  read auth file failed! err=  11200  
============================================================
Time  2016/05/20 16:19:33 951 
============================================================
[2016/05/20 16:19:33 953] auth       479  SYS_MSG_LOAD  
[2016/05/20 16:19:33 953] auth       459  AUTH_MSG_LOCAL_CHECK  
[2016/05/20 16:19:33 953] auth       473  read auth file failed! err=  11200  
============================================================
Time  2016/05/20 16:20:09 543 
============================================================
[2016/05/20 16:20:09 543] auth       479  SYS_MSG_LOAD  
[2016/05/20 16:20:09 545] auth       459  AUTH_MSG_LOCAL_CHECK  
[2016/05/20 16:20:09 545] auth       473  read auth file failed! err=  11200  
============================================================
Time  2016/05/20 16:20:20 726 
============================================================
[2016/05/20 16:20:20 726] auth       479  SYS_MSG_LOAD  
[2016/05/20 16:20:20 726] auth       459  AUTH_MSG_LOCAL_CHECK  
[2016/05/20 16:20:20 726] auth       473  read auth file failed! err=  11200  
============================================================
Time  2016/05/20 16:22:02 075 
============================================================
[2016/05/20 16:22:02 075] auth       479  SYS_MSG_LOAD  
[2016/05/20 16:22:02 144] auth       459  AUTH_MSG_LOCAL_CHECK  
[2016/05/20 16:22:02 144] auth       473  read auth file failed! err=  11200  
============================================================
Time  2016/05/20 16:25:33 484 
============================================================
[2016/05/20 16:25:33 486] auth       479  SYS_MSG_LOAD  
[2016/05/20 16:25:33 486] auth       459  AUTH_MSG_LOCAL_CHECK  
[2016/05/20 16:25:33 486] auth       473  read auth file failed! err=  11200  
============================================================
Time  2016/05/20 16:27:49 085 
============================================================
[2016/05/20 16:27:49 086] auth       479  SYS_MSG_LOAD  
[2016/05/20 16:27:49 086] auth       459  AUTH_MSG_LOCAL_CHECK  
[2016/05/20 16:27:49 086] auth       473  read auth file failed! err=  11200  
============================================================
Time  2016/05/20 16:29:11 861 
============================================================
[2016/05/20 16:29:11 861] auth       479  SYS_MSG_LOAD  
[2016/05/20 16:29:11 861] auth       459  AUTH_MSG_LOCAL_CHECK  
[2016/05/20 16:29:11 861] auth       473  read auth file failed! err=  11200  
============================================================
Time  2016/05/20 16:31:18 551 
============================================================
[2016/05/20 16:31:18 551] auth       479  SYS_MSG_LOAD  
[2016/05/20 16:31:18 551] auth       459  AUTH_MSG_LOCAL_CHECK  
[2016/05/20 16:31:18 551] auth       473  read auth file failed! err=  11200  
============================================================
Time  2016/05/20 16:34:01 558 
============================================================
[2016/05/20 16:34:01 559] auth       479  SYS_MSG_LOAD  
[2016/05/20 16:34:01 559] auth       459  AUTH_MSG_LOCAL_CHECK  
[2016/05/20 16:34:01 559] auth       473  read auth file failed! err=  11200  
============================================================
Time  2016/05/20 16:37:43 026 
============================================================
[2016/05/20 16:37:43 026] auth       479  SYS_MSG_LOAD  
[2016/05/20 16:37:43 026] auth       459  AUTH_MSG_LOCAL_CHECK  
[2016/05/20 16:37:43 028] auth       473  read auth file failed! err=  11200  
============================================================
Time  2016/05/20 16:38:02 082 
============================================================
[2016/05/20 16:38:02 082] auth       479  SYS_MSG_LOAD  
[2016/05/20 16:38:02 082] auth       459  AUTH_MSG_LOCAL_CHECK  
[2016/05/20 16:38:02 082] auth       473  read auth file failed! err=  11200  
============================================================
Time  2016/05/20 16:38:21 141 
============================================================
[2016/05/20 16:38:21 141] auth       479  SYS_MSG_LOAD  
[2016/05/20 16:38:21 141] auth       459  AUTH_MSG_LOCAL_CHECK  
[2016/05/20 16:38:21 141] auth       473  read auth file failed! err=  11200  
============================================================
Time  2016/05/25 17:21:05 867 
============================================================
[2016/05/25 17:21:05 890] auth       479  SYS_MSG_LOAD  
[2016/05/25 17:21:05 891] auth       459  AUTH_MSG_LOCAL_CHECK  
[2016/05/25 17:21:05 891] auth       473  read auth file failed! err=  11200  
============================================================
Time  2016/05/25 17:28:57 023 
============================================================
[2016/05/25 17:28:57 023] auth       479  SYS_MSG_LOAD  
[2016/05/25 17:28:57 023] auth       459  AUTH_MSG_LOCAL_CHECK  
[2016/05/25 17:28:57 025] auth       473  read auth file failed! err=  11200  
============================================================
Time  2016/05/25 17:30:03 171 
============================================================
[2016/05/25 17:30:03 171] auth       479  SYS_MSG_LOAD  
[2016/05/25 17:30:03 171] auth       459  AUTH_MSG_LOCAL_CHECK  
[2016/05/25 17:30:03 171] auth       473  read auth file failed! err=  11200  
============================================================
Time  2016/05/25 17:34:08 275 
============================================================
[2016/05/25 17:34:08 282] auth       479  SYS_MSG_LOAD  
[2016/05/25 17:34:08 286] auth       459  AUTH_MSG_LOCAL_CHECK  
[2016/05/25 17:34:08 286] auth       473  read auth file failed! err=  11200  
============================================================
Time  2016/05/25 17:36:02 434 
============================================================
[2016/05/25 17:36:02 434] auth       479  SYS_MSG_LOAD  
[2016/05/25 17:36:02 434] auth       459  AUTH_MSG_LOCAL_CHECK  
[2016/05/25 17:36:02 434] auth       473  read auth file failed! err=  11200  
============================================================
Time  2016/05/25 17:36:45 158 
============================================================
[2016/05/25 17:36:45 158] auth       479  SYS_MSG_LOAD  
[2016/05/25 17:36:45 160] auth       459  AUTH_MSG_LOCAL_CHECK  
[2016/05/25 17:36:45 160] auth       473  read auth file failed! err=  11200  
============================================================
Time  2016/05/25 17:37:47 421 
============================================================
[2016/05/25 17:37:47 421] auth       479  SYS_MSG_LOAD  
[2016/05/25 17:37:47 421] auth       459  AUTH_MSG_LOCAL_CHECK  
[2016/05/25 17:37:47 421] auth       473  read auth file failed! err=  11200  
============================================================
Time  2016/05/25 17:38:17 861 
============================================================
[2016/05/25 17:38:17 861] auth       479  SYS_MSG_LOAD  
[2016/05/25 17:38:17 861] auth       459  AUTH_MSG_LOCAL_CHECK  
[2016/05/25 17:38:17 862] auth       473  read auth file failed! err=  11200  
============================================================
Time  2016/05/25 17:39:00 599 
============================================================
[2016/05/25 17:39:00 601] auth       479  SYS_MSG_LOAD  
[2016/05/25 17:39:00 601] auth       459  AUTH_MSG_LOCAL_CHECK  
[2016/05/25 17:39:00 605] auth       473  read auth file failed! err=  11200  
============================================================
Time  2016/05/25 17:39:54 562 
============================================================
[2016/05/25 17:39:54 562] auth       479  SYS_MSG_LOAD  
[2016/05/25 17:39:54 562] auth       459  AUTH_MSG_LOCAL_CHECK  
[2016/05/25 17:39:54 562] auth       473  read auth file failed! err=  11200  
============================================================
Time  2016/05/25 17:40:54 076 
============================================================
[2016/05/25 17:40:54 076] auth       479  SYS_MSG_LOAD  
[2016/05/25 17:40:54 076] auth       459  AUTH_MSG_LOCAL_CHECK  
[2016/05/25 17:40:54 078] auth       473  read auth file failed! err=  11200  
============================================================
Time  2016/11/14 21:42:03 121 
============================================================
[2016/11/14 21:42:03 125] auth       479  SYS_MSG_LOAD  
[2016/11/14 21:42:03 125] auth       459  AUTH_MSG_LOCAL_CHECK  
[2016/11/14 21:42:03 127] auth       473  read auth file failed! err=  11200  
============================================================
Time  2016/11/16 21:03:17 213 
============================================================
[2016/11/16 21:03:17 213] auth       479  SYS_MSG_LOAD  
[2016/11/16 21:03:17 220] auth       459  AUTH_MSG_LOCAL_CHECK  
[2016/11/16 21:03:17 220] auth       473  read auth file failed! err=  11200  
============================================================
Time  2016/11/16 21:09:52 558 
============================================================
[2016/11/16 21:09:52 562] auth       479  SYS_MSG_LOAD  
[2016/11/16 21:09:52 562] auth       459  AUTH_MSG_LOCAL_CHECK  
[2016/11/16 21:09:52 562] auth       473  read auth file failed! err=  11200  
============================================================
Time  2016/11/16 21:18:02 984 
============================================================
[2016/11/16 21:18:02 986] auth       479  SYS_MSG_LOAD  
[2016/11/16 21:18:03 043] auth       459  AUTH_MSG_LOCAL_CHECK  
[2016/11/16 21:18:03 045] auth       473  read auth file failed! err=  11200  
============================================================
Time  2016/11/16 21:32:02 019 
============================================================
[2016/11/16 21:32:02 022] auth       479  SYS_MSG_LOAD  
[2016/11/16 21:32:02 025] auth       459  AUTH_MSG_LOCAL_CHECK  
[2016/11/16 21:32:02 025] auth       473  read auth file failed! err=  11200  
============================================================
Time  2016/11/16 21:32:21 017 
============================================================
[2016/11/16 21:32:21 019] auth       479  SYS_MSG_LOAD  
[2016/11/16 21:32:21 022] auth       459  AUTH_MSG_LOCAL_CHECK  
[2016/11/16 21:32:21 023] auth       473  read auth file failed! err=  11200  
============================================================
Time  2016/11/16 21:35:30 362 
============================================================
[2016/11/16 21:35:30 365] auth       479  SYS_MSG_LOAD  
[2016/11/16 21:35:30 368] auth       459  AUTH_MSG_LOCAL_CHECK  
[2016/11/16 21:35:30 369] auth       473  read auth file failed! err=  11200  
============================================================
Time  2016/11/16 21:39:00 816 
============================================================
[2016/11/16 21:39:00 818] auth       479  SYS_MSG_LOAD  
[2016/11/16 21:39:00 864] auth       459  AUTH_MSG_LOCAL_CHECK  
[2016/11/16 21:39:00 864] auth       473  read auth file failed! err=  11200  
============================================================
Time  2016/11/16 21:40:14 471 
============================================================
[2016/11/16 21:40:14 473] auth       479  SYS_MSG_LOAD  
[2016/11/16 21:40:14 476] auth       459  AUTH_MSG_LOCAL_CHECK  
[2016/11/16 21:40:14 476] auth       473  read auth file failed! err=  11200  
============================================================
Time  2016/11/16 21:42:37 201 
============================================================
[2016/11/16 21:42:37 203] auth       479  SYS_MSG_LOAD  
[2016/11/16 21:42:37 207] auth       459  AUTH_MSG_LOCAL_CHECK  
[2016/11/16 21:42:37 209] auth       473  read auth file failed! err=  11200  
============================================================
Time  2016/11/16 22:06:01 039 
============================================================
[2016/11/16 22:06:01 043] auth       479  SYS_MSG_LOAD  
[2016/11/16 22:06:01 068] auth       459  AUTH_MSG_LOCAL_CHECK  
[2016/11/16 22:06:01 069] auth       473  read auth file failed! err=  11200  
============================================================
Time  2016/11/17 09:11:08 155 
============================================================
[2016/11/17 09:11:08 161] auth       479  SYS_MSG_LOAD  
[2016/11/17 09:11:08 164] auth       459  AUTH_MSG_LOCAL_CHECK  
[2016/11/17 09:11:08 164] auth       473  read auth file failed! err=  11200  
============================================================
Time  2016/11/17 09:13:01 073 
============================================================
[2016/11/17 09:13:01 078] auth       479  SYS_MSG_LOAD  
[2016/11/17 09:13:01 084] auth       459  AUTH_MSG_LOCAL_CHECK  
[2016/11/17 09:13:01 084] auth       473  read auth file failed! err=  11200  
============================================================
Time  2016/11/17 09:16:46 019 
============================================================
[2016/11/17 09:16:46 023] auth       479  SYS_MSG_LOAD  
[2016/11/17 09:16:46 023] auth       459  AUTH_MSG_LOCAL_CHECK  
[2016/11/17 09:16:46 028] auth       473  read auth file failed! err=  11200  
